<?xml version="1.0" encoding="UTF-8"?>
<testsuite name="ru.stqa.sanbox.SquareTests" tests="1" skipped="0" failures="0" errors="0" timestamp="2020-01-20T20:58:51" hostname="Виктор-ПК" time="0.009">
  <properties/>
  <testcase name="testArea" classname="ru.stqa.sanbox.SquareTests" time="0.009"/>
  <system-out><![CDATA[]]></system-out>
  <system-err><![CDATA[]]></system-err>
</testsuite>
