<?xml version="1.0" encoding="UTF-8"?>
<testsuite name="ru.stqa.sanbox.EquationTest" tests="3" skipped="0" failures="0" errors="0" timestamp="2020-03-20T14:42:33" hostname="Виктор-ПК" time="0.016">
  <properties/>
  <testcase name="test0" classname="ru.stqa.sanbox.EquationTest" time="0.016"/>
  <testcase name="test1" classname="ru.stqa.sanbox.EquationTest" time="0.0"/>
  <testcase name="test2" classname="ru.stqa.sanbox.EquationTest" time="0.0"/>
  <system-out><![CDATA[]]></system-out>
  <system-err><![CDATA[]]></system-err>
</testsuite>
