<?xml version="1.0" encoding="UTF-8"?>
<testsuite name="ru.stqa.pft.addressbook.tests.GroupDelitionTests" tests="1" skipped="0" failures="0" errors="0" timestamp="2020-03-31T15:06:09" hostname="Виктор-ПК" time="1.078">
  <properties/>
  <testcase name="testGroupDelition" classname="ru.stqa.pft.addressbook.tests.GroupDelitionTests" time="1.078"/>
  <system-out><![CDATA[]]></system-out>
  <system-err><![CDATA[SLF4J: Failed to load class "org.slf4j.impl.StaticLoggerBinder".
SLF4J: Defaulting to no-operation (NOP) logger implementation
SLF4J: See http://www.slf4j.org/codes.html#StaticLoggerBinder for further details.
Starting ChromeDriver 80.0.3987.106 (f68069574609230cf9b635cd784cfb1bf81bb53a-refs/branch-heads/3987@{#882}) on port 41642
Only local connections are allowed.
Please protect ports used by ChromeDriver and related test frameworks to prevent access by malicious code.
мар 31, 2020 6:06:08 PM org.openqa.selenium.remote.ProtocolHandshake createSession
INFO: Detected dialect: W3C
[1585667169.046][SEVERE]: Timed out receiving message from renderer: 0.100
]]></system-err>
</testsuite>
