<?xml version="1.0" encoding="UTF-8"?>
<testsuite name="com.example.tests.tests2.AccoundCreationTests" tests="1" skipped="0" failures="0" errors="0" timestamp="2020-03-09T20:41:25" hostname="Виктор-ПК" time="3.642">
  <properties/>
  <testcase name="testAccaunCreation" classname="com.example.tests.tests2.AccoundCreationTests" time="3.642"/>
  <system-out><![CDATA[]]></system-out>
  <system-err><![CDATA[SLF4J: Failed to load class "org.slf4j.impl.StaticLoggerBinder".
SLF4J: Defaulting to no-operation (NOP) logger implementation
SLF4J: See http://www.slf4j.org/codes.html#StaticLoggerBinder for further details.
1583786475637	mozrunner::runner	INFO	Running command: "C:\\Program Files\\Mozilla Firefox\\firefox.exe" "-marionette" "-foreground" "-no-remote" "-profile" "C:\\Users\\51FB~1\\AppData\\Local\\Temp\\rust_mozprofileGsINCm"
1583786477997	addons.webextension.doh-rollout@mozilla.org	WARN	Loading extension 'doh-rollout@mozilla.org': Reading manifest: Invalid extension permission: networkStatus
1583786479723	addons.webextension.screenshots@mozilla.org	WARN	Loading extension 'screenshots@mozilla.org': Reading manifest: Invalid extension permission: mozillaAddons
1583786479723	addons.webextension.screenshots@mozilla.org	WARN	Loading extension 'screenshots@mozilla.org': Reading manifest: Invalid extension permission: telemetry
1583786479723	addons.webextension.screenshots@mozilla.org	WARN	Loading extension 'screenshots@mozilla.org': Reading manifest: Invalid extension permission: resource://pdf.js/
1583786479723	addons.webextension.screenshots@mozilla.org	WARN	Loading extension 'screenshots@mozilla.org': Reading manifest: Invalid extension permission: about:reader*
JavaScript error: resource://gre/modules/XULStore.jsm, line 66: Error: Can't find profile directory.
1583786482418	Marionette	INFO	Listening on port 62560
1583786482435	Marionette	WARN	TLS certificate errors will be ignored for this session
мар 09, 2020 11:41:22 PM org.openqa.selenium.remote.ProtocolHandshake createSession
INFO: Detected dialect: W3C
1583786489131	Marionette	INFO	Stopped listening on port 62560
JavaScript error: resource://gre/modules/UrlClassifierListManager.jsm, line 680: TypeError: this.tablesData[table] is undefined
]]></system-err>
</testsuite>
