<?xml version="1.0" encoding="UTF-8"?>
<testsuite name="com.example.tests.tests2.AccoundModificationTests" tests="1" skipped="0" failures="0" errors="0" timestamp="2020-03-27T21:02:54" hostname="Виктор-ПК" time="4.183">
  <properties/>
  <testcase name="testAccountModification" classname="com.example.tests.tests2.AccoundModificationTests" time="4.183"/>
  <system-out><![CDATA[]]></system-out>
  <system-err><![CDATA[SLF4J: Failed to load class "org.slf4j.impl.StaticLoggerBinder".
SLF4J: Defaulting to no-operation (NOP) logger implementation
SLF4J: See http://www.slf4j.org/codes.html#StaticLoggerBinder for further details.
1585342948332	mozrunner::runner	INFO	Running command: "C:\\Program Files\\Mozilla Firefox\\firefox.exe" "-marionette" "-foreground" "-no-remote" "-profile" "C:\\Users\\51FB~1\\AppData\\Local\\Temp\\rust_mozprofileEeSQSv"
1585342951397	addons.webextension.doh-rollout@mozilla.org	WARN	Loading extension 'doh-rollout@mozilla.org': Reading manifest: Invalid extension permission: networkStatus
1585342952622	addons.webextension.screenshots@mozilla.org	WARN	Loading extension 'screenshots@mozilla.org': Reading manifest: Invalid extension permission: mozillaAddons
1585342952622	addons.webextension.screenshots@mozilla.org	WARN	Loading extension 'screenshots@mozilla.org': Reading manifest: Invalid extension permission: telemetry
1585342952623	addons.webextension.screenshots@mozilla.org	WARN	Loading extension 'screenshots@mozilla.org': Reading manifest: Invalid extension permission: resource://pdf.js/
1585342952623	addons.webextension.screenshots@mozilla.org	WARN	Loading extension 'screenshots@mozilla.org': Reading manifest: Invalid extension permission: about:reader*
JavaScript error: resource://gre/modules/XULStore.jsm, line 66: Error: Can't find profile directory.
1585342960214	Marionette	INFO	Listening on port 60097
1585342960628	Marionette	WARN	TLS certificate errors will be ignored for this session
мар 28, 2020 12:02:41 AM org.openqa.selenium.remote.ProtocolHandshake createSession
INFO: Detected dialect: W3C
1585342978561	Marionette	INFO	Stopped listening on port 60097
]]></system-err>
</testsuite>
